Number of parameters: 5
Problem name: the_problem
	C++ class name: the_problem

	Global dimension:			5
	Integer dimension:			0
	Fitness dimension:			1
	Number of objectives:			1
	Equality constraints dimension:		0
	Inequality constraints dimension:	0
	Lower bounds: [-1, -1, -1, -1, -1]
	Upper bounds: [1, 1, 1, 1, 1]
	Has batch fitness evaluation: false

	Has gradient: false
	User implemented gradient sparsity: false
	Has hessians: false
	User implemented hessians sparsity: false

	Fitness evaluations: 0

	Thread safety: basic

Champion decision vector: -0.958966 0.991314 -0.345563 0.841709 -0.105055
Champion fitness: 5.25689e+12
Duration: 8 minutes
