Number of parameters: 8
Problem name: the_problem
	C++ class name: the_problem

	Global dimension:			8
	Integer dimension:			0
	Fitness dimension:			1
	Number of objectives:			1
	Equality constraints dimension:		0
	Inequality constraints dimension:	0
	Lower bounds: [-1, -1, -1, -1, -1, ... ]
	Upper bounds: [1, 1, 1, 1, 1, ... ]
	Has batch fitness evaluation: false

	Has gradient: false
	User implemented gradient sparsity: false
	Has hessians: false
	User implemented hessians sparsity: false

	Fitness evaluations: 0

	Thread safety: basic

Champion decision vector: 0.990795 0.991225 -0.815724 -0.0390437 0.938317 -0.768507 0.842413 -0.739138
Champion fitness: 5.2515e+12
