Number of parameters: 3
Problem name: the_problem
	C++ class name: the_problem

	Global dimension:			3
	Integer dimension:			0
	Fitness dimension:			1
	Number of objectives:			1
	Equality constraints dimension:		0
	Inequality constraints dimension:	0
	Lower bounds: [-1, -1, -1]
	Upper bounds: [1, 1, 1]
	Has batch fitness evaluation: false

	Has gradient: false
	User implemented gradient sparsity: false
	Has hessians: false
	User implemented hessians sparsity: false

	Fitness evaluations: 0

	Thread safety: basic

Champion decision vector: 1 -0.892486 0.679296
Champion fitness: 2.09341e+09
